Compiling the C compiler identification source file "CMakeCCompilerId.c" failed.
Compiler: CMAKE_C_COMPILER-NOTFOUND 
Build flags: 
Id flags: 

The output was:
No such file or directory


Compiling the C compiler identification source file "CMakeCCompilerId.c" failed.
Compiler: CMAKE_C_COMPILER-NOTFOUND 
Build flags: 
Id flags: -c

The output was:
No such file or directory


Compiling the C compiler identification source file "CMakeCCompilerId.c" failed.
Compiler: CMAKE_C_COMPILER-NOTFOUND 
Build flags: 
Id flags: -Aa

The output was:
No such file or directory


Compiling the CXX compiler identification source file "CMakeCXXCompilerId.cpp" failed.
Compiler: CMAKE_CXX_COMPILER-NOTFOUND 
Build flags: 
Id flags: 

The output was:
No such file or directory


Compiling the CXX compiler identification source file "CMakeCXXCompilerId.cpp" failed.
Compiler: CMAKE_CXX_COMPILER-NOTFOUND 
Build flags: 
Id flags: -c

The output was:
No such file or directory


Determining if the pthread_create exist failed with the following output:
Change Dir: /home/leandro/mestrado/rtdb/CMakeFiles/CMakeTmp

Run Build Command:"/usr/bin/gmake" "cmTryCompileExec781935151/fast"
/usr/bin/gmake -f CMakeFiles/cmTryCompileExec781935151.dir/build.make CMakeFiles/cmTryCompileExec781935151.dir/build
gmake[1]: Entering directory '/home/leandro/mestrado/rtdb/CMakeFiles/CMakeTmp'
/usr/bin/cmake -E cmake_progress_report /home/leandro/mestrado/rtdb/CMakeFiles/CMakeTmp/CMakeFiles 1
Building C object CMakeFiles/cmTryCompileExec781935151.dir/CheckSymbolExists.c.o
/usr/bin/cc    -o CMakeFiles/cmTryCompileExec781935151.dir/CheckSymbolExists.c.o   -c /home/leandro/mestrado/rtdb/CMakeFiles/CMakeTmp/CheckSymbolExists.c
Linking C executable cmTryCompileExec781935151
/usr/bin/cmake -E cmake_link_script CMakeFiles/cmTryCompileExec781935151.dir/link.txt --verbose=1
/usr/bin/cc      CMakeFiles/cmTryCompileExec781935151.dir/CheckSymbolExists.c.o  -o cmTryCompileExec781935151 -rdynamic 
CMakeFiles/cmTryCompileExec781935151.dir/CheckSymbolExists.c.o: In function `main':
CheckSymbolExists.c:(.text+0x16): undefined reference to `pthread_create'
collect2: error: ld returned 1 exit status
CMakeFiles/cmTryCompileExec781935151.dir/build.make:88: recipe for target 'cmTryCompileExec781935151' failed
gmake[1]: Leaving directory '/home/leandro/mestrado/rtdb/CMakeFiles/CMakeTmp'
gmake[1]: *** [cmTryCompileExec781935151] Error 1
Makefile:118: recipe for target 'cmTryCompileExec781935151/fast' failed
gmake: *** [cmTryCompileExec781935151/fast] Error 2

File /home/leandro/mestrado/rtdb/CMakeFiles/CMakeTmp/CheckSymbolExists.c:
/* */
#include <pthread.h>

int main(int argc, char** argv)
{
  (void)argv;
#ifndef pthread_create
  return ((int*)(&pthread_create))[argc];
#else
  (void)argc;
  return 0;
#endif
}

Determining if the function pthread_create exists in the pthreads failed with the following output:
Change Dir: /home/leandro/mestrado/rtdb/CMakeFiles/CMakeTmp

Run Build Command:"/usr/bin/gmake" "cmTryCompileExec3140606598/fast"
/usr/bin/gmake -f CMakeFiles/cmTryCompileExec3140606598.dir/build.make CMakeFiles/cmTryCompileExec3140606598.dir/build
gmake[1]: Entering directory '/home/leandro/mestrado/rtdb/CMakeFiles/CMakeTmp'
/usr/bin/cmake -E cmake_progress_report /home/leandro/mestrado/rtdb/CMakeFiles/CMakeTmp/CMakeFiles 1
Building C object CMakeFiles/cmTryCompileExec3140606598.dir/CheckFunctionExists.c.o
/usr/bin/cc   -DCHECK_FUNCTION_EXISTS=pthread_create   -o CMakeFiles/cmTryCompileExec3140606598.dir/CheckFunctionExists.c.o   -c /usr/share/cmake/Modules/CheckFunctionExists.c
Linking C executable cmTryCompileExec3140606598
/usr/bin/cmake -E cmake_link_script CMakeFiles/cmTryCompileExec3140606598.dir/link.txt --verbose=1
/usr/bin/cc   -DCHECK_FUNCTION_EXISTS=pthread_create   CMakeFiles/cmTryCompileExec3140606598.dir/CheckFunctionExists.c.o  -o cmTryCompileExec3140606598 -rdynamic -lpthreads 
/usr/lib64/gcc/x86_64-suse-linux/4.8/../../../../x86_64-suse-linux/bin/ld: cannot find -lpthreads
collect2: error: ld returned 1 exit status
CMakeFiles/cmTryCompileExec3140606598.dir/build.make:88: recipe for target 'cmTryCompileExec3140606598' failed
gmake[1]: Leaving directory '/home/leandro/mestrado/rtdb/CMakeFiles/CMakeTmp'
gmake[1]: *** [cmTryCompileExec3140606598] Error 1
Makefile:118: recipe for target 'cmTryCompileExec3140606598/fast' failed
gmake: *** [cmTryCompileExec3140606598/fast] Error 2


